+ source /scratch4/NAGAPE/epic/Wei.Huang/src/global-workflow/dev/ush/load_modules.sh ufsda
++ [[ hxB == *x* ]]
++ set_x=YES
++ [[ NO == \N\O ]]
++ echo 'Loading modules quietly...'
Loading modules quietly...
++ set +x
Running "module reset". Resetting modules to system default. The following $MODULEPATH directories have been removed: None

Currently Loaded Modules:
  1) lmod                             51) qhull/2020.2
  2) intel-oneapi-compilers/2024.2.1  52) atlas/0.40.0
  3) stack-oneapi/2024.2.1            53) sp/2.5.0
  4) intel-oneapi-mpi/2021.13.1       54) gsl-lite/0.37.0
  5) stack-intel-oneapi-mpi/2021.13   55) libjpeg/2.1.0
  6) intel-oneapi-mkl/2024.2.1        56) krb5/1.21.1-1
  7) glibc/2.34                       57) libtirpc/1.3.3
  8) intel-oneapi-runtime/2024.2.1    58) hdf/4.2.15
  9) sqlite/3.46.0                    59) jedi-cmake/1.4.0
 10) util-linux-uuid/2.40.2           60) libpng/1.6.37
 11) python/3.11.7                    61) libxt/1.3.0
 12) stack-python/3.11.7              62) libxmu/1.2.1
 13) pigz/2.8                         63) libxpm/3.5.17
 14) zstd/1.5.6                       64) libxaw/1.0.16
 15) tar/1.34                         65) udunits/2.2.28
 16) gettext/0.22.5                   66) ncview/2.1.9
 17) nghttp2/1.63.0                   67) netcdf-cxx4/4.3.1
 18) curl/8.10.1                      68) json/3.11.3
 19) zlib/1.2.13                      69) rocoto/1.3.7
 20) git/2.43.5                       70) bacio/2.4.1
 21) hdf5/1.14.3                      71) w3emc/2.10.0
 22) parallel-netcdf/1.12.3           72) prod_util/2.1.1
 23) snappy/1.2.1                     73) jasper/2.0.32
 24) c-blosc/1.21.5                   74) g2/3.5.1
 25) netcdf-c/4.9.2                   75) ip/5.1.0
 26) nccmp/1.9.1.0                    76) grib-util/1.4.0
 27) netcdf-fortran/4.6.1             77) py-markupsafe/2.1.3
 28) antlr/2.7.7                      78) py-jinja2/3.1.4
 29) gsl/2.8                          79) py-certifi/2023.7.22
 30) nco/5.2.4                        80) py-cftime/1.0.3.4
 31) parallelio/2.6.2                 81) py-netcdf4/1.7.1.post2
 32) wget/1.21.1                      82) py-pybind11/2.13.5
 33) boost/1.84.0                     83) py-setuptools/69.2.0
 34) python-venv/1.0                  84) py-pycodestyle/2.11.0
 35) py-numpy/1.26.4                  85) libyaml/0.2.5
 36) bufr/12.1.0                      86) py-pyyaml/6.0.2
 37) git-lfs/3.5.1                    87) py-scipy/1.14.1
 38) cmake/3.27.9                     88) py-packaging/24.1
 39) ecbuild/3.7.2                    89) py-six/1.16.0
 40) openjpeg/2.3.1                   90) py-python-dateutil/2.8.2
 41) eccodes/2.33.0                   91) py-pytz/2023.3
 42) eigen/3.4.0                      92) py-tzdata/2023.3
 43) openblas/0.3.27                  93) py-pandas/2.2.3
 44) eckit/1.28.3                     94) py-xarray/2024.7.0
 45) fckit/0.13.2                     95) py-f90nml/1.4.3
 46) fiat/1.4.1                       96) py-pip/23.1.2
 47) fms/2024.02                      97) py-click/8.1.7
 48) py-mpi4py/4.0.1                  98) py-wheel/0.41.2
 49) esmf/8.8.0                       99) GDAS/ursa.intel
 50) ectrans/1.5.0

 

++ pip list
Package         Version
--------------- -----------
certifi         2023.7.22
cftime          1.0.3.4
click           8.1.7
esmpy           8.8.0
f90nml          1.4.3
Jinja2          3.1.4
MarkupSafe      2.1.3
mpi4py          4.0.1
netCDF4         1.7.1.post2
numpy           1.26.4
packaging       24.1
pandas          2.2.3
pip             23.1.2
pybind11        2.13.5
pycodestyle     2.11.0
python-dateutil 2.8.2
pytz            2023.3
PyYAML          6.0.2
scipy           1.14.1
setuptools      69.2.0
six             1.16.0
tzdata          2023.3
wheel           0.41.2
xarray          2024.7.0
++ _regex='[0-9]+\.[0-9]+'
+++ python --version
++ [[ Python 3.11.7 =~ [0-9]+\.[0-9]+ ]]
++ export PYTHON_VERSION=3.11
++ PYTHON_VERSION=3.11
++ pyiodaPATH=/scratch4/NAGAPE/epic/Wei.Huang/src/global-workflow/sorc/gdas.cd/build/lib/python3.11/
++ pybufrPATH=/scratch4/NAGAPE/epic/Wei.Huang/src/global-workflow/sorc/gdas.cd/build/lib/python3.11/site-packages/
++ PYTHONPATH=/scratch4/NAGAPE/epic/Wei.Huang/src/global-workflow/sorc/gdas.cd/build/lib/python3.11/:/scratch4/NAGAPE/epic/Wei.Huang/src/global-workflow/sorc/gdas.cd/build/lib/python3.11/site-packages/:/contrib/spack-stack/spack-stack-1.9.2/envs/ue-oneapi-2024.2.1/install/oneapi/2024.2.1/py-wheel-0.41.2-lejyvev/lib/python3.11/site-packages:/contrib/spack-stack/spack-stack-1.9.2/envs/ue-oneapi-2024.2.1/install/oneapi/2024.2.1/py-click-8.1.7-e55vra6/lib/python3.11/site-packages:/contrib/spack-stack/spack-stack-1.9.2/envs/ue-oneapi-2024.2.1/install/oneapi/2024.2.1/py-pip-23.1.2-sjeblpd/lib/python3.11/site-packages:/contrib/spack-stack/spack-stack-1.9.2/envs/ue-oneapi-2024.2.1/install/oneapi/2024.2.1/py-f90nml-1.4.3-7rmrgv7/lib/python3.11/site-packages:/contrib/spack-stack/spack-stack-1.9.2/envs/ue-oneapi-2024.2.1/install/oneapi/2024.2.1/py-xarray-2024.7.0-tg53kls/lib/python3.11/site-packages:/contrib/spack-stack/spack-stack-1.9.2/envs/ue-oneapi-2024.2.1/install/oneapi/2024.2.1/py-pandas-2.2.3-uar3v7v/lib/python3.11/site-packages:/contrib/spack-stack/spack-stack-1.9.2/envs/ue-oneapi-2024.2.1/install/oneapi/2024.2.1/py-tzdata-2023.3-wsjtkwg/lib/python3.11/site-packages:/contrib/spack-stack/spack-stack-1.9.2/envs/ue-oneapi-2024.2.1/install/oneapi/2024.2.1/py-pytz-2023.3-cfh3tbl/lib/python3.11/site-packages:/contrib/spack-stack/spack-stack-1.9.2/envs/ue-oneapi-2024.2.1/install/oneapi/2024.2.1/py-python-dateutil-2.8.2-qlkqzyg/lib/python3.11/site-packages:/contrib/spack-stack/spack-stack-1.9.2/envs/ue-oneapi-2024.2.1/install/oneapi/2024.2.1/py-six-1.16.0-jkszz2g/lib/python3.11/site-packages:/contrib/spack-stack/spack-stack-1.9.2/envs/ue-oneapi-2024.2.1/install/oneapi/2024.2.1/py-packaging-24.1-njbyh5r/lib/python3.11/site-packages:/contrib/spack-stack/spack-stack-1.9.2/envs/ue-oneapi-2024.2.1/install/oneapi/2024.2.1/py-scipy-1.14.1-gespwy4/lib/python3.11/site-packages:/contrib/spack-stack/spack-stack-1.9.2/envs/ue-oneapi-2024.2.1/install/oneapi/2024.2.1/py-pyyaml-6.0.2-55i3htn/lib/python3.11/site-packages:/contrib/spack-stack/spack-stack-1.9.2/envs/ue-oneapi-2024.2.1/install/oneapi/2024.2.1/py-pycodestyle-2.11.0-54guklq/lib/python3.11/site-packages:/contrib/spack-stack/spack-stack-1.9.2/envs/ue-oneapi-2024.2.1/install/oneapi/2024.2.1/py-setuptools-69.2.0-cge4bsx/lib/python3.11/site-packages:/contrib/spack-stack/spack-stack-1.9.2/envs/ue-oneapi-2024.2.1/install/oneapi/2024.2.1/py-pybind11-2.13.5-jlasn3w/lib/python3.11/site-packages:/contrib/spack-stack/spack-stack-1.9.2/envs/ue-oneapi-2024.2.1/install/oneapi/2024.2.1/py-netcdf4-1.7.1.post2-chvc6ro/lib/python3.11/site-packages:/contrib/spack-stack/spack-stack-1.9.2/envs/ue-oneapi-2024.2.1/install/oneapi/2024.2.1/py-cftime-1.0.3.4-ljy6l3p/lib/python3.11/site-packages:/contrib/spack-stack/spack-stack-1.9.2/envs/ue-oneapi-2024.2.1/install/oneapi/2024.2.1/py-certifi-2023.7.22-5zcopi6/lib/python3.11/site-packages:/contrib/spack-stack/spack-stack-1.9.2/envs/ue-oneapi-2024.2.1/install/oneapi/2024.2.1/py-jinja2-3.1.4-jhz55wn/lib/python3.11/site-packages:/contrib/spack-stack/spack-stack-1.9.2/envs/ue-oneapi-2024.2.1/install/oneapi/2024.2.1/py-markupsafe-2.1.3-cct5rgj/lib/python3.11/site-packages:/contrib/spack-stack/spack-stack-1.9.2/envs/ue-oneapi-2024.2.1/install/oneapi/2024.2.1/esmf-8.8.0-hdxt3lx/lib/python3.11/site-packages:/contrib/spack-stack/spack-stack-1.9.2/envs/ue-oneapi-2024.2.1/install/oneapi/2024.2.1/py-mpi4py-4.0.1-plc5ydd/lib/python3.11/site-packages:/contrib/spack-stack/spack-stack-1.9.2/envs/ue-oneapi-2024.2.1/install/oneapi/2024.2.1/bufr-12.1.0-dxfkpsz/lib64/python3.11/site-packages:/contrib/spack-stack/spack-stack-1.9.2/envs/ue-oneapi-2024.2.1/install/oneapi/2024.2.1/py-numpy-1.26.4-mqxp6yv/lib/python3.11/site-packages:/contrib/spack-stack/spack-stack-1.9.2/envs/ue-oneapi-2024.2.1/install/oneapi/2024.2.1/python-venv-1.0-qgjgfzk/lib/python3.11/site-packages
++ export PYTHONPATH
++ [[ -d /scratch4/NAGAPE/epic/Wei.Huang/src/global-workflow/sorc/wxflow/src ]]
++ PYTHONPATH=/scratch4/NAGAPE/epic/Wei.Huang/src/global-workflow/sorc/wxflow/src:/scratch4/NAGAPE/epic/Wei.Huang/src/global-workflow/sorc/gdas.cd/build/lib/python3.11/:/scratch4/NAGAPE/epic/Wei.Huang/src/global-workflow/sorc/gdas.cd/build/lib/python3.11/site-packages/:/contrib/spack-stack/spack-stack-1.9.2/envs/ue-oneapi-2024.2.1/install/oneapi/2024.2.1/py-wheel-0.41.2-lejyvev/lib/python3.11/site-packages:/contrib/spack-stack/spack-stack-1.9.2/envs/ue-oneapi-2024.2.1/install/oneapi/2024.2.1/py-click-8.1.7-e55vra6/lib/python3.11/site-packages:/contrib/spack-stack/spack-stack-1.9.2/envs/ue-oneapi-2024.2.1/install/oneapi/2024.2.1/py-pip-23.1.2-sjeblpd/lib/python3.11/site-packages:/contrib/spack-stack/spack-stack-1.9.2/envs/ue-oneapi-2024.2.1/install/oneapi/2024.2.1/py-f90nml-1.4.3-7rmrgv7/lib/python3.11/site-packages:/contrib/spack-stack/spack-stack-1.9.2/envs/ue-oneapi-2024.2.1/install/oneapi/2024.2.1/py-xarray-2024.7.0-tg53kls/lib/python3.11/site-packages:/contrib/spack-stack/spack-stack-1.9.2/envs/ue-oneapi-2024.2.1/install/oneapi/2024.2.1/py-pandas-2.2.3-uar3v7v/lib/python3.11/site-packages:/contrib/spack-stack/spack-stack-1.9.2/envs/ue-oneapi-2024.2.1/install/oneapi/2024.2.1/py-tzdata-2023.3-wsjtkwg/lib/python3.11/site-packages:/contrib/spack-stack/spack-stack-1.9.2/envs/ue-oneapi-2024.2.1/install/oneapi/2024.2.1/py-pytz-2023.3-cfh3tbl/lib/python3.11/site-packages:/contrib/spack-stack/spack-stack-1.9.2/envs/ue-oneapi-2024.2.1/install/oneapi/2024.2.1/py-python-dateutil-2.8.2-qlkqzyg/lib/python3.11/site-packages:/contrib/spack-stack/spack-stack-1.9.2/envs/ue-oneapi-2024.2.1/install/oneapi/2024.2.1/py-six-1.16.0-jkszz2g/lib/python3.11/site-packages:/contrib/spack-stack/spack-stack-1.9.2/envs/ue-oneapi-2024.2.1/install/oneapi/2024.2.1/py-packaging-24.1-njbyh5r/lib/python3.11/site-packages:/contrib/spack-stack/spack-stack-1.9.2/envs/ue-oneapi-2024.2.1/install/oneapi/2024.2.1/py-scipy-1.14.1-gespwy4/lib/python3.11/site-packages:/contrib/spack-stack/spack-stack-1.9.2/envs/ue-oneapi-2024.2.1/install/oneapi/2024.2.1/py-pyyaml-6.0.2-55i3htn/lib/python3.11/site-packages:/contrib/spack-stack/spack-stack-1.9.2/envs/ue-oneapi-2024.2.1/install/oneapi/2024.2.1/py-pycodestyle-2.11.0-54guklq/lib/python3.11/site-packages:/contrib/spack-stack/spack-stack-1.9.2/envs/ue-oneapi-2024.2.1/install/oneapi/2024.2.1/py-setuptools-69.2.0-cge4bsx/lib/python3.11/site-packages:/contrib/spack-stack/spack-stack-1.9.2/envs/ue-oneapi-2024.2.1/install/oneapi/2024.2.1/py-pybind11-2.13.5-jlasn3w/lib/python3.11/site-packages:/contrib/spack-stack/spack-stack-1.9.2/envs/ue-oneapi-2024.2.1/install/oneapi/2024.2.1/py-netcdf4-1.7.1.post2-chvc6ro/lib/python3.11/site-packages:/contrib/spack-stack/spack-stack-1.9.2/envs/ue-oneapi-2024.2.1/install/oneapi/2024.2.1/py-cftime-1.0.3.4-ljy6l3p/lib/python3.11/site-packages:/contrib/spack-stack/spack-stack-1.9.2/envs/ue-oneapi-2024.2.1/install/oneapi/2024.2.1/py-certifi-2023.7.22-5zcopi6/lib/python3.11/site-packages:/contrib/spack-stack/spack-stack-1.9.2/envs/ue-oneapi-2024.2.1/install/oneapi/2024.2.1/py-jinja2-3.1.4-jhz55wn/lib/python3.11/site-packages:/contrib/spack-stack/spack-stack-1.9.2/envs/ue-oneapi-2024.2.1/install/oneapi/2024.2.1/py-markupsafe-2.1.3-cct5rgj/lib/python3.11/site-packages:/contrib/spack-stack/spack-stack-1.9.2/envs/ue-oneapi-2024.2.1/install/oneapi/2024.2.1/esmf-8.8.0-hdxt3lx/lib/python3.11/site-packages:/contrib/spack-stack/spack-stack-1.9.2/envs/ue-oneapi-2024.2.1/install/oneapi/2024.2.1/py-mpi4py-4.0.1-plc5ydd/lib/python3.11/site-packages:/contrib/spack-stack/spack-stack-1.9.2/envs/ue-oneapi-2024.2.1/install/oneapi/2024.2.1/bufr-12.1.0-dxfkpsz/lib64/python3.11/site-packages:/contrib/spack-stack/spack-stack-1.9.2/envs/ue-oneapi-2024.2.1/install/oneapi/2024.2.1/py-numpy-1.26.4-mqxp6yv/lib/python3.11/site-packages:/contrib/spack-stack/spack-stack-1.9.2/envs/ue-oneapi-2024.2.1/install/oneapi/2024.2.1/python-venv-1.0-qgjgfzk/lib/python3.11/site-packages
++ PYTHONPATH=/scratch4/NAGAPE/epic/Wei.Huang/src/global-workflow/sorc/wxflow/src:/scratch4/NAGAPE/epic/Wei.Huang/src/global-workflow/sorc/gdas.cd/build/lib/python3.11/:/scratch4/NAGAPE/epic/Wei.Huang/src/global-workflow/sorc/gdas.cd/build/lib/python3.11/site-packages/:/contrib/spack-stack/spack-stack-1.9.2/envs/ue-oneapi-2024.2.1/install/oneapi/2024.2.1/py-wheel-0.41.2-lejyvev/lib/python3.11/site-packages:/contrib/spack-stack/spack-stack-1.9.2/envs/ue-oneapi-2024.2.1/install/oneapi/2024.2.1/py-click-8.1.7-e55vra6/lib/python3.11/site-packages:/contrib/spack-stack/spack-stack-1.9.2/envs/ue-oneapi-2024.2.1/install/oneapi/2024.2.1/py-pip-23.1.2-sjeblpd/lib/python3.11/site-packages:/contrib/spack-stack/spack-stack-1.9.2/envs/ue-oneapi-2024.2.1/install/oneapi/2024.2.1/py-f90nml-1.4.3-7rmrgv7/lib/python3.11/site-packages:/contrib/spack-stack/spack-stack-1.9.2/envs/ue-oneapi-2024.2.1/install/oneapi/2024.2.1/py-xarray-2024.7.0-tg53kls/lib/python3.11/site-packages:/contrib/spack-stack/spack-stack-1.9.2/envs/ue-oneapi-2024.2.1/install/oneapi/2024.2.1/py-pandas-2.2.3-uar3v7v/lib/python3.11/site-packages:/contrib/spack-stack/spack-stack-1.9.2/envs/ue-oneapi-2024.2.1/install/oneapi/2024.2.1/py-tzdata-2023.3-wsjtkwg/lib/python3.11/site-packages:/contrib/spack-stack/spack-stack-1.9.2/envs/ue-oneapi-2024.2.1/install/oneapi/2024.2.1/py-pytz-2023.3-cfh3tbl/lib/python3.11/site-packages:/contrib/spack-stack/spack-stack-1.9.2/envs/ue-oneapi-2024.2.1/install/oneapi/2024.2.1/py-python-dateutil-2.8.2-qlkqzyg/lib/python3.11/site-packages:/contrib/spack-stack/spack-stack-1.9.2/envs/ue-oneapi-2024.2.1/install/oneapi/2024.2.1/py-six-1.16.0-jkszz2g/lib/python3.11/site-packages:/contrib/spack-stack/spack-stack-1.9.2/envs/ue-oneapi-2024.2.1/install/oneapi/2024.2.1/py-packaging-24.1-njbyh5r/lib/python3.11/site-packages:/contrib/spack-stack/spack-stack-1.9.2/envs/ue-oneapi-2024.2.1/install/oneapi/2024.2.1/py-scipy-1.14.1-gespwy4/lib/python3.11/site-packages:/contrib/spack-stack/spack-stack-1.9.2/envs/ue-oneapi-2024.2.1/install/oneapi/2024.2.1/py-pyyaml-6.0.2-55i3htn/lib/python3.11/site-packages:/contrib/spack-stack/spack-stack-1.9.2/envs/ue-oneapi-2024.2.1/install/oneapi/2024.2.1/py-pycodestyle-2.11.0-54guklq/lib/python3.11/site-packages:/contrib/spack-stack/spack-stack-1.9.2/envs/ue-oneapi-2024.2.1/install/oneapi/2024.2.1/py-setuptools-69.2.0-cge4bsx/lib/python3.11/site-packages:/contrib/spack-stack/spack-stack-1.9.2/envs/ue-oneapi-2024.2.1/install/oneapi/2024.2.1/py-pybind11-2.13.5-jlasn3w/lib/python3.11/site-packages:/contrib/spack-stack/spack-stack-1.9.2/envs/ue-oneapi-2024.2.1/install/oneapi/2024.2.1/py-netcdf4-1.7.1.post2-chvc6ro/lib/python3.11/site-packages:/contrib/spack-stack/spack-stack-1.9.2/envs/ue-oneapi-2024.2.1/install/oneapi/2024.2.1/py-cftime-1.0.3.4-ljy6l3p/lib/python3.11/site-packages:/contrib/spack-stack/spack-stack-1.9.2/envs/ue-oneapi-2024.2.1/install/oneapi/2024.2.1/py-certifi-2023.7.22-5zcopi6/lib/python3.11/site-packages:/contrib/spack-stack/spack-stack-1.9.2/envs/ue-oneapi-2024.2.1/install/oneapi/2024.2.1/py-jinja2-3.1.4-jhz55wn/lib/python3.11/site-packages:/contrib/spack-stack/spack-stack-1.9.2/envs/ue-oneapi-2024.2.1/install/oneapi/2024.2.1/py-markupsafe-2.1.3-cct5rgj/lib/python3.11/site-packages:/contrib/spack-stack/spack-stack-1.9.2/envs/ue-oneapi-2024.2.1/install/oneapi/2024.2.1/esmf-8.8.0-hdxt3lx/lib/python3.11/site-packages:/contrib/spack-stack/spack-stack-1.9.2/envs/ue-oneapi-2024.2.1/install/oneapi/2024.2.1/py-mpi4py-4.0.1-plc5ydd/lib/python3.11/site-packages:/contrib/spack-stack/spack-stack-1.9.2/envs/ue-oneapi-2024.2.1/install/oneapi/2024.2.1/bufr-12.1.0-dxfkpsz/lib64/python3.11/site-packages:/contrib/spack-stack/spack-stack-1.9.2/envs/ue-oneapi-2024.2.1/install/oneapi/2024.2.1/py-numpy-1.26.4-mqxp6yv/lib/python3.11/site-packages:/contrib/spack-stack/spack-stack-1.9.2/envs/ue-oneapi-2024.2.1/install/oneapi/2024.2.1/python-venv-1.0-qgjgfzk/lib/python3.11/site-packages:/scratch4/NAGAPE/epic/Wei.Huang/src/global-workflow/ush/python
++ export PYTHONPATH
++ ulimit -S -s unlimited
++ unset ulimit_s
++ [[ NO == \Y\E\S ]]
+ err=0
+ [[ 0 -ne 0 ]]
+ export job=anlstat
+ job=anlstat
+ export jobid=anlstat.4008752
+ jobid=anlstat.4008752
+ /scratch4/NAGAPE/epic/Wei.Huang/src/global-workflow/dev/jobs/JGLOBAL_ANALYSIS_STATS
+ source /scratch4/NAGAPE/epic/Wei.Huang/src/global-workflow/ush/jjob_header.sh -e anlstat -c 'base anlstat'
+++ basename /scratch4/NAGAPE/epic/Wei.Huang/src/global-workflow/dev/jobs/JGLOBAL_ANALYSIS_STATS
++ _calling_script=JGLOBAL_ANALYSIS_STATS
++ source /scratch4/NAGAPE/epic/Wei.Huang/src/global-workflow/ush/err_exit.sh
+++ declare -xf err_exit
++ OPTIND=1
++ getopts c:e: option
++ case "${option}" in
++ env_job=anlstat
++ getopts c:e: option
++ case "${option}" in
++ read -ra configs
++ getopts c:e: option
++ shift 4
++ [[ -z anlstat ]]
++ export EXPDIR=/scratch5/purged/Wei.Huang/run/gdas/EXPDIR/C96C48_ufs_hybatmDA
++ EXPDIR=/scratch5/purged/Wei.Huang/run/gdas/EXPDIR/C96C48_ufs_hybatmDA
++ for config in "${configs[@]:-''}"
++ source /scratch5/purged/Wei.Huang/run/gdas/EXPDIR/C96C48_ufs_hybatmDA/config.base
+++ echo 'BEGIN: config.base'
BEGIN: config.base
+++ export machine=URSA
+++ machine=URSA
+++ export RUN_ENVIR=emc
+++ RUN_ENVIR=emc
+++ export ACCOUNT=epic
+++ ACCOUNT=epic
+++ export QUEUE=batch
+++ QUEUE=batch
+++ export QUEUE_SERVICE=batch
+++ QUEUE_SERVICE=batch
+++ export QUEUE_DTN=batch
+++ QUEUE_DTN=batch
+++ export PARTITION_BATCH=u1-compute
+++ PARTITION_BATCH=u1-compute
+++ export PARTITION_SERVICE=u1-service
+++ PARTITION_SERVICE=u1-service
+++ export PARTITION_DTN=
+++ PARTITION_DTN=
+++ export RESERVATION=
+++ RESERVATION=
+++ export CLUSTERS=
+++ CLUSTERS=
+++ export CLUSTERS_SERVICE=
+++ CLUSTERS_SERVICE=
+++ export CLUSTERS_DTN=
+++ CLUSTERS_DTN=
+++ export HPSS_PROJECT=emc-global
+++ HPSS_PROJECT=emc-global
+++ export HOMEglobal=/scratch4/NAGAPE/epic/Wei.Huang/src/global-workflow
+++ HOMEglobal=/scratch4/NAGAPE/epic/Wei.Huang/src/global-workflow
+++ export EXECglobal=/scratch4/NAGAPE/epic/Wei.Huang/src/global-workflow/exec
+++ EXECglobal=/scratch4/NAGAPE/epic/Wei.Huang/src/global-workflow/exec
+++ export FIXglobal=/scratch4/NAGAPE/epic/Wei.Huang/src/global-workflow/fix
+++ FIXglobal=/scratch4/NAGAPE/epic/Wei.Huang/src/global-workflow/fix
+++ export PARMglobal=/scratch4/NAGAPE/epic/Wei.Huang/src/global-workflow/parm
+++ PARMglobal=/scratch4/NAGAPE/epic/Wei.Huang/src/global-workflow/parm
+++ export SCRglobal=/scratch4/NAGAPE/epic/Wei.Huang/src/global-workflow/scripts
+++ SCRglobal=/scratch4/NAGAPE/epic/Wei.Huang/src/global-workflow/scripts
+++ export USHglobal=/scratch4/NAGAPE/epic/Wei.Huang/src/global-workflow/ush
+++ USHglobal=/scratch4/NAGAPE/epic/Wei.Huang/src/global-workflow/ush
+++ export FIXam=/scratch4/NAGAPE/epic/Wei.Huang/src/global-workflow/fix/am
+++ FIXam=/scratch4/NAGAPE/epic/Wei.Huang/src/global-workflow/fix/am
+++ export FIXaer=/scratch4/NAGAPE/epic/Wei.Huang/src/global-workflow/fix/aer
+++ FIXaer=/scratch4/NAGAPE/epic/Wei.Huang/src/global-workflow/fix/aer
+++ export FIXcpl=/scratch4/NAGAPE/epic/Wei.Huang/src/global-workflow/fix/cpl
+++ FIXcpl=/scratch4/NAGAPE/epic/Wei.Huang/src/global-workflow/fix/cpl
+++ export FIXlut=/scratch4/NAGAPE/epic/Wei.Huang/src/global-workflow/fix/lut
+++ FIXlut=/scratch4/NAGAPE/epic/Wei.Huang/src/global-workflow/fix/lut
+++ export FIXcice=/scratch4/NAGAPE/epic/Wei.Huang/src/global-workflow/fix/cice
+++ FIXcice=/scratch4/NAGAPE/epic/Wei.Huang/src/global-workflow/fix/cice
+++ export FIXmom=/scratch4/NAGAPE/epic/Wei.Huang/src/global-workflow/fix/mom6
+++ FIXmom=/scratch4/NAGAPE/epic/Wei.Huang/src/global-workflow/fix/mom6
+++ export FIXreg2grb2=/scratch4/NAGAPE/epic/Wei.Huang/src/global-workflow/fix/reg2grb2
+++ FIXreg2grb2=/scratch4/NAGAPE/epic/Wei.Huang/src/global-workflow/fix/reg2grb2
+++ export FIXgdas=/scratch4/NAGAPE/epic/Wei.Huang/src/global-workflow/fix/gdas
+++ FIXgdas=/scratch4/NAGAPE/epic/Wei.Huang/src/global-workflow/fix/gdas
+++ export PACKAGEROOT=/scratch3/NCEPDEV/global/role.glopara/nwpara
+++ PACKAGEROOT=/scratch3/NCEPDEV/global/role.glopara/nwpara
+++ export COMROOT=/scratch5/purged/Wei.Huang/run/gdas/COMROOT
+++ COMROOT=/scratch5/purged/Wei.Huang/run/gdas/COMROOT
+++ export DCOMROOT=/lfs/h1/ops/prod/dcom
+++ DCOMROOT=/lfs/h1/ops/prod/dcom
+++ export COMINsyn=/scratch3/NCEPDEV/global/role.glopara/com/gfs/prod/syndat
+++ COMINsyn=/scratch3/NCEPDEV/global/role.glopara/com/gfs/prod/syndat
+++ export DMPDIR=/scratch3/NCEPDEV/global/role.glopara/dump
+++ DMPDIR=/scratch3/NCEPDEV/global/role.glopara/dump
+++ export IODADIR=/scratch3/NCEPDEV/global/role.glopara/dump_ioda
+++ IODADIR=/scratch3/NCEPDEV/global/role.glopara/dump_ioda
+++ export USE_IODADIR=YES
+++ USE_IODADIR=YES
+++ export COMINecmwf=/scratch3/NCEPDEV/global/role.glopara/data/external_gempak/ecmwf
+++ COMINecmwf=/scratch3/NCEPDEV/global/role.glopara/data/external_gempak/ecmwf
+++ export COMINnam=/scratch3/NCEPDEV/global/role.glopara/data/external_gempak/nam
+++ COMINnam=/scratch3/NCEPDEV/global/role.glopara/data/external_gempak/nam
+++ export COMINukmet=/scratch3/NCEPDEV/global/role.glopara/data/external_gempak/ukmet
+++ COMINukmet=/scratch3/NCEPDEV/global/role.glopara/data/external_gempak/ukmet
+++ export HOMEDIR=/scratch3/NAGAPE/epic/Wei.Huang/src
+++ HOMEDIR=/scratch3/NAGAPE/epic/Wei.Huang/src
+++ export STMP=/scratch5/purged/Wei.Huang/stmp/gdas
+++ STMP=/scratch5/purged/Wei.Huang/stmp/gdas
+++ export PTMP=/scratch5/purged/Wei.Huang/ptmp/gdas
+++ PTMP=/scratch5/purged/Wei.Huang/ptmp/gdas
+++ export NOSCRUB=/scratch3/NAGAPE/epic/Wei.Huang/src
+++ NOSCRUB=/scratch3/NAGAPE/epic/Wei.Huang/src
+++ export BASE_GIT=/scratch3/NCEPDEV/global/role.glopara/git
+++ BASE_GIT=/scratch3/NCEPDEV/global/role.glopara/git
+++ export BASE_DATA=/scratch3/NCEPDEV/global/role.glopara/data
+++ BASE_DATA=/scratch3/NCEPDEV/global/role.glopara/data
+++ export DO_PREP_SFC=NO
+++ DO_PREP_SFC=NO
+++ export DO_GOES=NO
+++ DO_GOES=NO
+++ export DO_BUFRSND=NO
+++ DO_BUFRSND=NO
+++ export DO_GEMPAK=NO
+++ DO_GEMPAK=NO
+++ export DO_AWIPS=NO
+++ DO_AWIPS=NO
+++ export DO_NPOESS=NO
+++ DO_NPOESS=NO
+++ export DO_TRACKER=YES
+++ DO_TRACKER=YES
+++ export DO_GENESIS=YES
+++ DO_GENESIS=YES
+++ export DO_GENESIS_FSU=NO
+++ DO_GENESIS_FSU=NO
+++ export DO_VERFOZN=YES
+++ DO_VERFOZN=YES
+++ export DO_VERFRAD=YES
+++ DO_VERFRAD=YES
+++ export DO_VMINMON=YES
+++ DO_VMINMON=YES
+++ export DO_ANLSTAT=YES
+++ DO_ANLSTAT=YES
+++ export MODE=cycled
+++ MODE=cycled
+++ export DO_TEST_MODE=NO
+++ DO_TEST_MODE=NO
+++ export FIXgsi=/scratch4/NAGAPE/epic/Wei.Huang/src/global-workflow/fix/gsi
+++ FIXgsi=/scratch4/NAGAPE/epic/Wei.Huang/src/global-workflow/fix/gsi
+++ export HOMEpost=/scratch4/NAGAPE/epic/Wei.Huang/src/global-workflow
+++ HOMEpost=/scratch4/NAGAPE/epic/Wei.Huang/src/global-workflow
+++ export HOMEobsproc=/scratch3/NCEPDEV/global/role.glopara/git/obsproc/v
+++ HOMEobsproc=/scratch3/NCEPDEV/global/role.glopara/git/obsproc/v
+++ export NMV=/bin/mv
+++ NMV=/bin/mv
+++ export 'NLN=/bin/ln -sf'
+++ NLN='/bin/ln -sf'
+++ export VERBOSE=YES
+++ VERBOSE=YES
+++ export DEBUG_POSTSCRIPT=NO
+++ DEBUG_POSTSCRIPT=NO
+++ export CHGRP_RSTPROD=YES
+++ CHGRP_RSTPROD=YES
+++ export 'CHGRP_CMD=chgrp rstprod'
+++ CHGRP_CMD='chgrp rstprod'
+++ export NCDUMP=/contrib/spack-stack/spack-stack-1.9.2/envs/ue-oneapi-2024.2.1/install/oneapi/2024.2.1/netcdf-c-4.9.2-idnwcbr/bin/ncdump/bin/ncdump
+++ NCDUMP=/contrib/spack-stack/spack-stack-1.9.2/envs/ue-oneapi-2024.2.1/install/oneapi/2024.2.1/netcdf-c-4.9.2-idnwcbr/bin/ncdump/bin/ncdump
+++ export NCLEN=/scratch4/NAGAPE/epic/Wei.Huang/src/global-workflow/ush/getncdimlen
+++ NCLEN=/scratch4/NAGAPE/epic/Wei.Huang/src/global-workflow/ush/getncdimlen
+++ export BASE_ENV=/scratch4/NAGAPE/epic/Wei.Huang/src/global-workflow/env
+++ BASE_ENV=/scratch4/NAGAPE/epic/Wei.Huang/src/global-workflow/env
+++ export SDATE=2024022318
+++ SDATE=2024022318
+++ export EDATE=2024022406
+++ EDATE=2024022406
+++ export EXP_WARM_START=.true.
+++ EXP_WARM_START=.true.
+++ export assim_freq=6
+++ assim_freq=6
+++ export PSLOT=C96C48_ufs_hybatmDA
+++ PSLOT=C96C48_ufs_hybatmDA
+++ export EXPDIR=/scratch5/purged/Wei.Huang/run/gdas/EXPDIR/C96C48_ufs_hybatmDA
+++ EXPDIR=/scratch5/purged/Wei.Huang/run/gdas/EXPDIR/C96C48_ufs_hybatmDA
+++ export ROTDIR=/scratch5/purged/Wei.Huang/run/gdas/COMROOT/C96C48_ufs_hybatmDA
+++ ROTDIR=/scratch5/purged/Wei.Huang/run/gdas/COMROOT/C96C48_ufs_hybatmDA
+++ export DUMP_SUFFIX=
+++ DUMP_SUFFIX=
+++ [[ 2024022406 -ge 2019092100 ]]
+++ [[ 2024022406 -le 2019110700 ]]
+++ export ARCDIR=/scratch3/NAGAPE/epic/Wei.Huang/src/archive/C96C48_ufs_hybatmDA
+++ ARCDIR=/scratch3/NAGAPE/epic/Wei.Huang/src/archive/C96C48_ufs_hybatmDA
+++ export ATARDIR=/NAGAPE/epic/1year/Wei.Huang/URSA/scratch/C96C48_ufs_hybatmDA
+++ ATARDIR=/NAGAPE/epic/1year/Wei.Huang/URSA/scratch/C96C48_ufs_hybatmDA
+++ export 'FETCHDIR={{ FETCHDIR }}'
+++ FETCHDIR='{{ FETCHDIR }}'
+++ export NET=gfs
+++ NET=gfs
+++ export RUN=gdas
+++ RUN=gdas
+++ source /scratch5/purged/Wei.Huang/run/gdas/EXPDIR/C96C48_ufs_hybatmDA/config.com
++++ echo 'BEGIN: config.com'
BEGIN: config.com
++++ [[ emc == \n\c\o ]]
++++ COM_OBSPROC_TMPL='${DMPDIR}/${RUN}${DUMP_SUFFIX}.${YMD}/${HH}/atmos'
++++ COM_OBSFORGE_TMPL='${IODADIR}/${RUN}${DUMP_SUFFIX}.${YMD}/${HH}'
++++ COM_RTOFS_TMPL='${DMPDIR}'
++++ COM_TCVITAL_TMPL='${DMPDIR}/${RUN}.${YMD}/${HH}/atmos'
++++ declare -rx 'COM_OBS_TMPL=${ROTDIR}/${RUN}.${YMD}/${HH}/obs'
++++ declare -rx COM_OBSPROC_TMPL COM_RTOFS_TMPL COM_OBSFORGE_TMPL
++++ COM_BASE='${ROTDIR}/${RUN}.${YMD}/${HH}/${MEMDIR}'
++++ declare -rx 'COM_TOP_TMPL=${ROTDIR}/${RUN}.${YMD}/${HH}'
++++ declare -rx 'COM_CONF_TMPL=${ROTDIR}/${RUN}.${YMD}/${HH}/${MEMDIR}/conf'
++++ declare -rx 'COM_ATMOS_INPUT_TMPL=${ROTDIR}/${RUN}.${YMD}/${HH}/${MEMDIR}/model/atmos/input'
++++ declare -rx 'COM_ATMOS_RESTART_TMPL=${ROTDIR}/${RUN}.${YMD}/${HH}/${MEMDIR}/model/atmos/restart'
++++ declare -rx 'COM_ATMOS_ANALYSIS_TMPL=${ROTDIR}/${RUN}.${YMD}/${HH}/${MEMDIR}/analysis/atmos'
++++ declare -rx 'COM_SNOW_ANALYSIS_TMPL=${ROTDIR}/${RUN}.${YMD}/${HH}/${MEMDIR}/analysis/snow'
++++ declare -rx 'COM_SNOW_ANLMON_TMPL=${ROTDIR}/${RUN}.${YMD}/${HH}/${MEMDIR}/products/snow/anlmon'
++++ declare -rx 'COM_ATMOS_HISTORY_TMPL=${ROTDIR}/${RUN}.${YMD}/${HH}/${MEMDIR}/model/atmos/history'
++++ declare -rx 'COM_ATMOS_MASTER_TMPL=${ROTDIR}/${RUN}.${YMD}/${HH}/${MEMDIR}/model/atmos/master'
++++ declare -rx 'COM_ATMOS_GRIB_TMPL=${ROTDIR}/${RUN}.${YMD}/${HH}/${MEMDIR}/products/atmos/grib2'
++++ declare -rx 'COM_ATMOS_GRIB_GRID_TMPL=${ROTDIR}/${RUN}.${YMD}/${HH}/${MEMDIR}/products/atmos/grib2/${GRID}'
++++ declare -rx 'COM_ATMOS_BUFR_TMPL=${ROTDIR}/${RUN}.${YMD}/${HH}/${MEMDIR}/products/atmos/bufr'
++++ declare -rx 'COM_ATMOS_GEMPAK_TMPL=${ROTDIR}/${RUN}.${YMD}/${HH}/${MEMDIR}/products/atmos/gempak/${GRID}'
++++ declare -rx 'COM_ATMOS_GENESIS_TMPL=${ROTDIR}/${RUN}.${YMD}/${HH}/${MEMDIR}/products/atmos/cyclone/genesis_vital'
++++ declare -rx 'COM_ATMOS_TRACK_TMPL=${ROTDIR}/${RUN}.${YMD}/${HH}/${MEMDIR}/products/atmos/cyclone/tracks'
++++ declare -rx 'COM_ATMOS_GOES_TMPL=${ROTDIR}/${RUN}.${YMD}/${HH}/${MEMDIR}/products/atmos/goes_sim'
++++ declare -rx 'COM_ATMOS_IMAGERY_TMPL=${ROTDIR}/${RUN}.${YMD}/${HH}/${MEMDIR}/products/atmos/imagery'
++++ declare -rx 'COM_ATMOS_OZNMON_TMPL=${ROTDIR}/${RUN}.${YMD}/${HH}/${MEMDIR}/products/atmos/oznmon'
++++ declare -rx 'COM_ATMOS_RADMON_TMPL=${ROTDIR}/${RUN}.${YMD}/${HH}/${MEMDIR}/products/atmos/radmon'
++++ declare -rx 'COM_ATMOS_MINMON_TMPL=${ROTDIR}/${RUN}.${YMD}/${HH}/${MEMDIR}/products/atmos/minmon'
++++ declare -rx 'COM_ATMOS_ANLMON_TMPL=${ROTDIR}/${RUN}.${YMD}/${HH}/${MEMDIR}/products/atmos/anlmon'
++++ declare -rx 'COM_ATMOS_WMO_TMPL=${ROTDIR}/${RUN}.${YMD}/${HH}/${MEMDIR}/products/atmos/wmo'
++++ declare -rx 'COM_WAVE_RESTART_TMPL=${ROTDIR}/${RUN}.${YMD}/${HH}/${MEMDIR}/model/wave/restart'
++++ declare -rx 'COM_WAVE_PREP_TMPL=${ROTDIR}/${RUN}.${YMD}/${HH}/${MEMDIR}/model/wave/prep'
++++ declare -rx 'COM_WAVE_HISTORY_TMPL=${ROTDIR}/${RUN}.${YMD}/${HH}/${MEMDIR}/model/wave/history'
++++ declare -rx 'COM_WAVE_GRID_TMPL=${ROTDIR}/${RUN}.${YMD}/${HH}/${MEMDIR}/products/wave/gridded'
++++ declare -rx 'COM_WAVE_GRID_RES_TMPL=${ROTDIR}/${RUN}.${YMD}/${HH}/${MEMDIR}/products/wave/gridded/${GRDRESNAME}'
++++ declare -rx 'COM_WAVE_STATION_TMPL=${ROTDIR}/${RUN}.${YMD}/${HH}/${MEMDIR}/products/wave/station'
++++ declare -rx 'COM_WAVE_GEMPAK_TMPL=${ROTDIR}/${RUN}.${YMD}/${HH}/${MEMDIR}/products/wave/gempak'
++++ declare -rx 'COM_WAVE_WMO_TMPL=${ROTDIR}/${RUN}.${YMD}/${HH}/${MEMDIR}/products/wave/wmo'
++++ declare -rx 'COM_OCEAN_HISTORY_TMPL=${ROTDIR}/${RUN}.${YMD}/${HH}/${MEMDIR}/model/ocean/history'
++++ declare -rx 'COM_OCEAN_RESTART_TMPL=${ROTDIR}/${RUN}.${YMD}/${HH}/${MEMDIR}/model/ocean/restart'
++++ declare -rx 'COM_OCEAN_INPUT_TMPL=${ROTDIR}/${RUN}.${YMD}/${HH}/${MEMDIR}/model/ocean/input'
++++ declare -rx 'COM_OCEAN_ANALYSIS_TMPL=${ROTDIR}/${RUN}.${YMD}/${HH}/${MEMDIR}/analysis/ocean'
++++ declare -rx 'COM_OCEAN_ANLMON_TMPL=${ROTDIR}/${RUN}.${YMD}/${HH}/${MEMDIR}/products/ocean/anlmon'
++++ declare -rx 'COM_OCEAN_LETKF_TMPL=${ROTDIR}/${RUN}.${YMD}/${HH}/${MEMDIR}/analysis/ocean/letkf'
++++ declare -rx 'COM_OCEAN_BMATRIX_TMPL=${ROTDIR}/${RUN}.${YMD}/${HH}/${MEMDIR}/bmatrix/ocean'
++++ declare -rx 'COM_OCEAN_NETCDF_TMPL=${ROTDIR}/${RUN}.${YMD}/${HH}/${MEMDIR}/products/ocean/netcdf'
++++ declare -rx 'COM_OCEAN_GRIB_TMPL=${ROTDIR}/${RUN}.${YMD}/${HH}/${MEMDIR}/products/ocean/grib2'
++++ declare -rx 'COM_OCEAN_GRIB_GRID_TMPL=${ROTDIR}/${RUN}.${YMD}/${HH}/${MEMDIR}/products/ocean/grib2/${GRID}'
++++ declare -rx 'COM_ICE_ANALYSIS_TMPL=${ROTDIR}/${RUN}.${YMD}/${HH}/${MEMDIR}/analysis/ice'
++++ declare -rx 'COM_ICE_LETKF_TMPL=${ROTDIR}/${RUN}.${YMD}/${HH}/${MEMDIR}/analysis/ice/letkf'
++++ declare -rx 'COM_ICE_ANLMON_TMPL=${ROTDIR}/${RUN}.${YMD}/${HH}/${MEMDIR}/products/ice/anlmon'
++++ declare -rx 'COM_ICE_BMATRIX_TMPL=${ROTDIR}/${RUN}.${YMD}/${HH}/${MEMDIR}/bmatrix/ice'
++++ declare -rx 'COM_ICE_INPUT_TMPL=${ROTDIR}/${RUN}.${YMD}/${HH}/${MEMDIR}/model/ice/input'
++++ declare -rx 'COM_ICE_HISTORY_TMPL=${ROTDIR}/${RUN}.${YMD}/${HH}/${MEMDIR}/model/ice/history'
++++ declare -rx 'COM_ICE_RESTART_TMPL=${ROTDIR}/${RUN}.${YMD}/${HH}/${MEMDIR}/model/ice/restart'
++++ declare -rx 'COM_ICE_NETCDF_TMPL=${ROTDIR}/${RUN}.${YMD}/${HH}/${MEMDIR}/products/ice/netcdf'
++++ declare -rx 'COM_ICE_GRIB_TMPL=${ROTDIR}/${RUN}.${YMD}/${HH}/${MEMDIR}/products/ice/grib2'
++++ declare -rx 'COM_ICE_GRIB_GRID_TMPL=${ROTDIR}/${RUN}.${YMD}/${HH}/${MEMDIR}/products/ice/grib2/${GRID}'
++++ declare -rx 'COM_CHEM_HISTORY_TMPL=${ROTDIR}/${RUN}.${YMD}/${HH}/${MEMDIR}/model/chem/history'
++++ declare -rx 'COM_CHEM_ANALYSIS_TMPL=${ROTDIR}/${RUN}.${YMD}/${HH}/${MEMDIR}/analysis/chem'
++++ declare -rx 'COM_CHEM_BMAT_TMPL=${ROTDIR}/${RUN}.${YMD}/${HH}/${MEMDIR}/analysis/chem/bmatrix'
++++ declare -rx 'COM_CHEM_ANLMON_TMPL=${ROTDIR}/${RUN}.${YMD}/${HH}/${MEMDIR}/products/chem/anlmon'
++++ declare -rx 'COM_CHEM_INPUT_TMPL=${ROTDIR}/${RUN}.${YMD}/${HH}/${MEMDIR}/model/chem/input'
++++ declare -rx 'COM_CHEM_RESTART_TMPL=${ROTDIR}/${RUN}.${YMD}/${HH}/${MEMDIR}/model/chem/restart'
++++ declare -rx 'COM_MED_RESTART_TMPL=${ROTDIR}/${RUN}.${YMD}/${HH}/${MEMDIR}/model/med/restart'
+++ export LOGSCRIPT=
+++ LOGSCRIPT=
+++ export SENDSDM=NO
+++ SENDSDM=NO
+++ export SENDAWIP=NO
+++ SENDAWIP=NO
+++ export APP=ATM
+++ APP=ATM
+++ shopt -s extglob
+++ case "${RUN}" in
+++ shopt -u extglob
+++ export DO_ATM=YES
+++ DO_ATM=YES
+++ export DO_COUPLED=NO
+++ DO_COUPLED=NO
+++ export DO_WAVE=NO
+++ DO_WAVE=NO
+++ export DO_OCN=NO
+++ DO_OCN=NO
+++ export DO_ICE=NO
+++ DO_ICE=NO
+++ DO_AERO=NO
+++ export DO_PREP_OBS_AERO=NO
+++ DO_PREP_OBS_AERO=NO
+++ aero_fcst_runs=gdas
+++ aero_anl_runs='gdas gfs'
+++ export DO_AERO_FCST=NO
+++ DO_AERO_FCST=NO
+++ export DO_AERO_ANL=NO
+++ DO_AERO_ANL=NO
+++ [[ gdas == \g\f\s ]]
+++ export DOBNDPNT_WAVE=NO
+++ DOBNDPNT_WAVE=NO
+++ export FRAC_GRID=.true.
+++ FRAC_GRID=.true.
+++ export DO_NEST=NO
+++ DO_NEST=NO
+++ [[ NO == \Y\E\S ]]
+++ export ntiles=6
+++ ntiles=6
+++ export FIXugwd=/scratch4/NAGAPE/epic/Wei.Huang/src/global-workflow/fix/ugwd
+++ FIXugwd=/scratch4/NAGAPE/epic/Wei.Huang/src/global-workflow/fix/ugwd
+++ export FIXorog=/scratch4/NAGAPE/epic/Wei.Huang/src/global-workflow/fix/orog
+++ FIXorog=/scratch4/NAGAPE/epic/Wei.Huang/src/global-workflow/fix/orog
+++ export OPS_RES=C768
+++ OPS_RES=C768
+++ export LEVS=128
+++ LEVS=128
+++ export CASE=C96
+++ CASE=C96
+++ export CASE_ENS=C48
+++ CASE_ENS=C48
+++ export CASE_ANL=C48
+++ CASE_ANL=C48
+++ export CASE_HIST=C96
+++ CASE_HIST=C96
+++ export OCNRES=500
+++ OCNRES=500
+++ export ICERES=500
+++ ICERES=500
+++ case "${CASE}" in
+++ export waveGRD=uglo_100km
+++ waveGRD=uglo_100km
+++ case "${APP}" in
+++ [[ NO == \Y\E\S ]]
+++ [[ gdas =~ gdas ]]
+++ export FHCYC=1
+++ FHCYC=1
+++ export FTSFS=10
+++ FTSFS=10
+++ export FHMIN=0
+++ FHMIN=0
+++ export FHMAX=9
+++ FHMAX=9
+++ export FHOUT=3
+++ FHOUT=3
+++ export FHOUT_OCN=3
+++ FHOUT_OCN=3
+++ export FHOUT_ICE=3
+++ FHOUT_ICE=3
+++ export FHOUT_AERO=3
+++ FHOUT_AERO=3
+++ export EUPD_CYC=gdas
+++ EUPD_CYC=gdas
+++ export INTERVAL_GFS=24
+++ INTERVAL_GFS=24
+++ export SDATE_GFS=2024022400
+++ SDATE_GFS=2024022400
+++ export FHMIN_GFS=0
+++ FHMIN_GFS=0
+++ export FHMAX_GFS=120
+++ FHMAX_GFS=120
+++ breakpnts=
+++ export FCST_SEGMENTS=0,120
+++ FCST_SEGMENTS=0,120
+++ export FHOUT_GFS=3
+++ FHOUT_GFS=3
+++ export FHMAX_HF_GFS=48
+++ FHMAX_HF_GFS=48
+++ export FHMAX_HF_GFS=48
+++ FHMAX_HF_GFS=48
+++ export FHOUT_HF_GFS=1
+++ FHOUT_HF_GFS=1
+++ export FHMIN_WAV=0
+++ FHMIN_WAV=0
+++ export FHOUT_WAV=1
+++ FHOUT_WAV=1
+++ export FHMAX_WAV=9
+++ FHMAX_WAV=9
+++ export FHMAX_WAV=9
+++ FHMAX_WAV=9
+++ export FHOUT_WAV_GFS=3
+++ FHOUT_WAV_GFS=3
+++ export FHMAX_WAV_GFS=120
+++ FHMAX_WAV_GFS=120
+++ export FHOUT_HF_WAV=1
+++ FHOUT_HF_WAV=1
+++ export FHMAX_HF_WAV=48
+++ FHMAX_HF_WAV=48
+++ export FHMAX_HF_WAV=48
+++ FHMAX_HF_WAV=48
+++ export FHOUT_OCN_GFS=6
+++ FHOUT_OCN_GFS=6
+++ export FHOUT_ICE_GFS=6
+++ FHOUT_ICE_GFS=6
+++ export ILPOST=1
+++ ILPOST=1
+++ ((  FHMAX_HF_GFS < 120  ))
+++ export ILPOST=3
+++ ILPOST=3
+++ export FHMAX_GOES=180
+++ FHMAX_GOES=180
+++ export FHOUT_GOES=3
+++ FHOUT_GOES=3
+++ ((  FHMAX_GOES > FHMAX_GFS  ))
+++ export FHMAX_GOES=120
+++ FHMAX_GOES=120
+++ export restart_interval_gfs=12
+++ restart_interval_gfs=12
+++ export QUILTING=.true.
+++ QUILTING=.true.
+++ export OUTPUT_GRID=gaussian_grid
+++ OUTPUT_GRID=gaussian_grid
+++ export WRITE_DOPOST=.true.
+++ WRITE_DOPOST=.true.
+++ export WRITE_NSFLIP=.true.
+++ WRITE_NSFLIP=.true.
+++ export DOIAU=NO
+++ DOIAU=NO
+++ export IAUFHRS=3,6,9
+++ IAUFHRS=3,6,9
+++ export IAU_FHROT=3
+++ IAU_FHROT=3
+++ export IAU_DELTHRS=6
+++ IAU_DELTHRS=6
+++ export IAU_OFFSET=6
+++ IAU_OFFSET=6
+++ export DOIAU_ENKF=NO
+++ DOIAU_ENKF=NO
+++ export IAUFHRS_ENKF=3,6,9
+++ IAUFHRS_ENKF=3,6,9
+++ export IAU_DELTHRS_ENKF=6
+++ IAU_DELTHRS_ENKF=6
+++ export imp_physics=8
+++ imp_physics=8
+++ export DO_JEDIATMVAR=YES
+++ DO_JEDIATMVAR=YES
+++ export DO_JEDIATMENS=YES
+++ DO_JEDIATMENS=YES
+++ export DO_JEDIATMENS_SPLIT_OBSSOL=YES
+++ DO_JEDIATMENS_SPLIT_OBSSOL=YES
+++ export DO_JEDIOCNVAR=NO
+++ DO_JEDIOCNVAR=NO
+++ export DO_JEDISNOWDA=NO
+++ DO_JEDISNOWDA=NO
+++ export DO_MERGENSST=NO
+++ DO_MERGENSST=NO
+++ [[ .true. = \.\t\r\u\e\. ]]
+++ export DO_STARTMEM_FROM_JEDIICE=YES
+++ DO_STARTMEM_FROM_JEDIICE=YES
+++ export DOHYBVAR=YES
+++ DOHYBVAR=YES
+++ export DOHYBVAR_OCN=NO
+++ DOHYBVAR_OCN=NO
+++ export DOLETKF_OCN=NO
+++ DOLETKF_OCN=NO
+++ export NMEM_ENS=2
+++ NMEM_ENS=2
+++ export SMOOTH_ENKF=NO
+++ SMOOTH_ENKF=NO
+++ export l4densvar=.true.
+++ l4densvar=.true.
+++ export lwrite4danl=.true.
+++ lwrite4danl=.true.
+++ export DO_CALC_INCREMENT=NO
+++ DO_CALC_INCREMENT=NO
+++ export USE_BUILD_GSINFO=YES
+++ USE_BUILD_GSINFO=YES
+++ export BUILD_GSINFO_DIR=/scratch4/NAGAPE/epic/Wei.Huang/src/global-workflow/parm/gsinfo
+++ BUILD_GSINFO_DIR=/scratch4/NAGAPE/epic/Wei.Huang/src/global-workflow/parm/gsinfo
+++ export NMEM_ENS_GFS=30
+++ NMEM_ENS_GFS=30
+++ export NMEM_ENS_GFS_OFFSET=20
+++ NMEM_ENS_GFS_OFFSET=20
+++ export DO_CALC_INCREMENT_ENKF_GFS=NO
+++ DO_CALC_INCREMENT_ENKF_GFS=NO
+++ export DOENKFONLY_ATM=NO
+++ DOENKFONLY_ATM=NO
+++ [[ NO = \Y\E\S ]]
+++ [[ YES = \Y\E\S ]]
+++ export FHMIN_ENKF=3
+++ FHMIN_ENKF=3
+++ export FHMAX_ENKF=9
+++ FHMAX_ENKF=9
+++ export FHMAX_ENKF_GFS=12
+++ FHMAX_ENKF_GFS=12
+++ export FHOUT_ENKF_GFS=3
+++ FHOUT_ENKF_GFS=3
+++ [[ .true. = \.\t\r\u\e\. ]]
+++ export FHOUT=1
+++ FHOUT=1
+++ export FHOUT_ENKF=1
+++ FHOUT_ENKF=1
+++ [[ YES == \N\O ]]
+++ export ENKF_SPREAD=YES
+++ ENKF_SPREAD=YES
+++ [[ gdas == \g\d\a\s ]]
+++ export DO_GSISOILDA=NO
+++ DO_GSISOILDA=NO
+++ export DO_LAND_IAU=.false.
+++ DO_LAND_IAU=.false.
+++ export LSOIL_INCR=2
+++ LSOIL_INCR=2
+++ [[ cycled = \c\y\c\l\e\d ]]
+++ [[ 2024022318 = \2\0\2\4\0\2\2\4\0\6 ]]
+++ [[ NO = \N\O ]]
+++ export IAU_OFFSET=0
+++ IAU_OFFSET=0
+++ export IAU_FHROT=0
+++ IAU_FHROT=0
+++ export IAUFHRS=6,
+++ IAUFHRS=6,
+++ export DO_LAND_IAU=.false.
+++ DO_LAND_IAU=.false.
+++ [[ NO = \N\O ]]
+++ export IAUFHRS_ENKF=6,
+++ IAUFHRS_ENKF=6,
+++ [[ NO == \Y\E\S ]]
+++ export restart_interval_enkfgdas=6
+++ restart_interval_enkfgdas=6
+++ export restart_interval_enkfgfs=6
+++ restart_interval_enkfgfs=6
+++ [[ NO == \Y\E\S ]]
+++ export restart_interval_gdas=6
+++ restart_interval_gdas=6
+++ export DONST=YES
+++ DONST=YES
+++ [[ YES = \Y\E\S ]]
+++ export 'FNTSFA=        '
+++ FNTSFA='        '
+++ export nst_anl=.true.
+++ nst_anl=.true.
+++ export 'INCREMENTS_TO_ZERO='\''liq_wat_inc'\'','\''icmr_inc'\'','\''rwmr_inc'\'','\''snmr_inc'\'','\''grle_inc'\'''
+++ INCREMENTS_TO_ZERO=''\''liq_wat_inc'\'','\''icmr_inc'\'','\''rwmr_inc'\'','\''snmr_inc'\'','\''grle_inc'\'''
+++ export 'INCVARS_ZERO_STRAT='\''sphum_inc'\'','\''liq_wat_inc'\'','\''icmr_inc'\'','\''rwmr_inc'\'','\''snmr_inc'\'','\''grle_inc'\'''
+++ INCVARS_ZERO_STRAT=''\''sphum_inc'\'','\''liq_wat_inc'\'','\''icmr_inc'\'','\''rwmr_inc'\'','\''snmr_inc'\'','\''grle_inc'\'''
+++ export INCVARS_EFOLD=5
+++ INCVARS_EFOLD=5
+++ export netcdf_diag=.true.
+++ netcdf_diag=.true.
+++ export binary_diag=.false.
+++ binary_diag=.false.
+++ export DO_CA=YES
+++ DO_CA=YES
+++ export DO_METP=YES
+++ DO_METP=YES
+++ export DO_FIT2OBS=YES
+++ DO_FIT2OBS=YES
+++ [[ URSA == \h\e\r\a ]]
+++ [[ URSA == \o\r\i\o\n ]]
+++ export FHMAX_FITS=132
+++ FHMAX_FITS=132
+++ [[ 132 -gt 120 ]]
+++ export FHMAX_FITS=120
+++ FHMAX_FITS=120
+++ export DO_FETCH_HPSS=NO
+++ DO_FETCH_HPSS=NO
+++ export DO_FETCH_LOCAL=NO
+++ DO_FETCH_LOCAL=NO
+++ export DO_ARCHCOM=YES
+++ DO_ARCHCOM=YES
+++ export ARCHCOM_TO=hpss
+++ ARCHCOM_TO=hpss
+++ export 'CLIENT_GLOBUS_UUID={{ CLIENT_GLOBUS_UUID }}'
+++ CLIENT_GLOBUS_UUID='{{ CLIENT_GLOBUS_UUID }}'
+++ [[ YES = \Y\E\S ]]
+++ export DO_FIT2OBS=NO
+++ DO_FIT2OBS=NO
+++ export DO_VERFOZN=NO
+++ DO_VERFOZN=NO
+++ export DO_VERFRAD=NO
+++ DO_VERFRAD=NO
+++ export DO_VMINMON=NO
+++ DO_VMINMON=NO
+++ [[ NO == \Y\E\S ]]
+++ export OFFSET_START_HOUR=0
+++ OFFSET_START_HOUR=0
+++ export NUM_SND_COLLECTIVES=9
+++ NUM_SND_COLLECTIVES=9
+++ export MOM6_INTERP_ICS=NO
+++ MOM6_INTERP_ICS=NO
+++ [[ YES == \Y\E\S ]]
+++ [[ YES == \Y\E\S ]]
+++ export ATMINC_GRID=cubed_sphere_grid
+++ ATMINC_GRID=cubed_sphere_grid
+++ echo 'END: config.base'
END: config.base
++ true
++ export err=0
++ err=0
++ [[ 0 -ne 0 ]]
++ for config in "${configs[@]:-''}"
++ source /scratch5/purged/Wei.Huang/run/gdas/EXPDIR/C96C48_ufs_hybatmDA/config.anlstat
+++ echo 'BEGIN: config.anlstat'
BEGIN: config.anlstat
+++ source /scratch5/purged/Wei.Huang/run/gdas/EXPDIR/C96C48_ufs_hybatmDA/config.resources anlstat
++++ ((  1 != 1  ))
++++ step=anlstat
++++ echo 'BEGIN: config.resources'
BEGIN: config.resources
++++ case ${machine} in
++++ max_tasks_per_node=192
++++ mem_node_max=360GB
++++ export max_tasks_per_node
++++ case ${step} in
++++ walltime=00:30:00
++++ ntasks=20
++++ threads_per_task=1
++++ tasks_per_node=20
++++ memory=150GB
++++ [[ -f /scratch5/purged/Wei.Huang/run/gdas/EXPDIR/C96C48_ufs_hybatmDA/config.resources.URSA ]]
++++ source /scratch5/purged/Wei.Huang/run/gdas/EXPDIR/C96C48_ufs_hybatmDA/config.resources.URSA
+++++ case ${step} in
++++ for resource_var in threads_per_task ntasks tasks_per_node NTASKS memory walltime is_exclusive prepost
++++ run_resource_var=threads_per_task_gdas
++++ [[ -n '' ]]
++++ [[ -n 0 ]]
++++ export threads_per_task
++++ for resource_var in threads_per_task ntasks tasks_per_node NTASKS memory walltime is_exclusive prepost
++++ run_resource_var=ntasks_gdas
++++ [[ -n '' ]]
++++ [[ -n 0 ]]
++++ export ntasks
++++ for resource_var in threads_per_task ntasks tasks_per_node NTASKS memory walltime is_exclusive prepost
++++ run_resource_var=tasks_per_node_gdas
++++ [[ -n '' ]]
++++ [[ -n 0 ]]
++++ export tasks_per_node
++++ for resource_var in threads_per_task ntasks tasks_per_node NTASKS memory walltime is_exclusive prepost
++++ run_resource_var=NTASKS_gdas
++++ [[ -n '' ]]
++++ [[ -n '' ]]
++++ for resource_var in threads_per_task ntasks tasks_per_node NTASKS memory walltime is_exclusive prepost
++++ run_resource_var=memory_gdas
++++ [[ -n '' ]]
++++ [[ -n 0 ]]
++++ export memory
++++ for resource_var in threads_per_task ntasks tasks_per_node NTASKS memory walltime is_exclusive prepost
++++ run_resource_var=walltime_gdas
++++ [[ -n '' ]]
++++ [[ -n 0 ]]
++++ export walltime
++++ for resource_var in threads_per_task ntasks tasks_per_node NTASKS memory walltime is_exclusive prepost
++++ run_resource_var=is_exclusive_gdas
++++ [[ -n '' ]]
++++ [[ -n '' ]]
++++ for resource_var in threads_per_task ntasks tasks_per_node NTASKS memory walltime is_exclusive prepost
++++ run_resource_var=prepost_gdas
++++ [[ -n '' ]]
++++ [[ -n '' ]]
++++ echo 'END: config.resources'
END: config.resources
+++ export TASK_CONFIG_YAML=/scratch4/NAGAPE/epic/Wei.Huang/src/global-workflow/parm/gdas/anlstat/anlstat_config.yaml.j2
+++ TASK_CONFIG_YAML=/scratch4/NAGAPE/epic/Wei.Huang/src/global-workflow/parm/gdas/anlstat/anlstat_config.yaml.j2
+++ echo 'END: config.anlstat'
END: config.anlstat
++ true
++ export err=0
++ err=0
++ [[ 0 -ne 0 ]]
++ source /scratch4/NAGAPE/epic/Wei.Huang/src/global-workflow/env/URSA.env anlstat
+++ [[ 1 -ne 1 ]]
+++ step=anlstat
+++ export 'launcher=srun -l --export=ALL --hint=nomultithread --distribution=block:block'
+++ launcher='srun -l --export=ALL --hint=nomultithread --distribution=block:block'
+++ export 'mpmd_opt=--multi-prog --output=mpmd.%j.%t.out'
+++ mpmd_opt='--multi-prog --output=mpmd.%j.%t.out'
+++ export OMP_STACKSIZE=2048000
+++ OMP_STACKSIZE=2048000
+++ export NTHSTACK=1024000000
+++ NTHSTACK=1024000000
+++ [[ -n 10685401 ]]
+++ ulimit -s unlimited
+++ ulimit -a
real-time non-blocking time  (microseconds, -R) unlimited
core file size              (blocks, -c) unlimited
data seg size               (kbytes, -d) unlimited
scheduling priority                 (-e) 0
file size                   (blocks, -f) unlimited
pending signals                     (-i) 1540561
max locked memory           (kbytes, -l) unlimited
max memory size             (kbytes, -m) 157286400
open files                          (-n) 131072
pipe size                (512 bytes, -p) 8
POSIX message queues         (bytes, -q) 819200
real-time priority                  (-r) 0
stack size                  (kbytes, -s) unlimited
cpu time                   (seconds, -t) unlimited
max user processes                  (-u) 1540561
virtual memory              (kbytes, -v) unlimited
file locks                          (-x) unlimited
+++ [[ -n 20 ]]
+++ [[ -n 192 ]]
+++ [[ -n 20 ]]
+++ max_threads_per_task=9
+++ NTHREADSmax=1
+++ NTHREADS1=1
+++ [[ 1 -gt 9 ]]
+++ [[ 1 -gt 9 ]]
+++ APRUN_default='srun -l --export=ALL --hint=nomultithread --distribution=block:block -n 20'
+++ [[ anlstat = \p\r\e\p ]]
+++ [[ anlstat = \p\r\e\p\b\u\f\r ]]
+++ [[ anlstat = \p\r\e\p\_\e\m\i\s\s\i\o\n\s ]]
+++ [[ anlstat = \w\a\v\e\i\n\i\t ]]
+++ [[ anlstat = \w\a\v\e\p\r\e\p ]]
+++ [[ anlstat = \w\a\v\e\p\o\s\t\s\b\s ]]
+++ [[ anlstat = \w\a\v\e\p\o\s\t\b\n\d\p\n\t ]]
+++ [[ anlstat = \w\a\v\e\p\o\s\t\b\n\d\p\n\t\b\l\l ]]
+++ [[ anlstat = \w\a\v\e\p\o\s\t\p\n\t ]]
+++ [[ anlstat = \w\a\v\e\_\s\t\a\t ]]
+++ [[ anlstat = \w\a\v\e\_\s\t\a\t\_\p\n\t ]]
+++ [[ anlstat = \a\t\m\a\n\l\v\a\r ]]
+++ [[ anlstat = \a\t\m\e\n\s\a\n\l\o\b\s ]]
+++ [[ anlstat = \a\t\m\e\n\s\a\n\l\s\o\l ]]
+++ [[ anlstat = \a\t\m\e\n\s\a\n\l\l\e\t\k\f ]]
+++ [[ anlstat = \a\t\m\e\n\s\a\n\l\f\v\3\i\n\c ]]
+++ [[ anlstat = \a\e\r\o\a\n\l\v\a\r ]]
+++ [[ anlstat = \a\e\r\o\a\n\l\g\e\n\b ]]
+++ [[ anlstat = \a\t\m\a\n\l\f\v\3\i\n\c ]]
+++ [[ anlstat = \a\n\l\s\t\a\t ]]
+++ export NTHREADS_ANLSTAT=1
+++ NTHREADS_ANLSTAT=1
+++ export 'APRUN_ANLSTAT=srun -l --export=ALL --hint=nomultithread --distribution=block:block -n 20 --cpus-per-task=1'
+++ APRUN_ANLSTAT='srun -l --export=ALL --hint=nomultithread --distribution=block:block -n 20 --cpus-per-task=1'
++ true
++ export err=0
++ err=0
++ [[ 0 -ne 0 ]]
+ source /scratch4/NAGAPE/epic/Wei.Huang/src/global-workflow/ush/jjob_standard_vars.sh
+++ date +%s
++ start_time=1774973722
++ export start_time
+++ date -d@1774973722 -u +%H:%M:%S
++ _start_time_human=16:15:22
++ _calling_script=JGLOBAL_ANALYSIS_STATS
++ echo 'Begin JGLOBAL_ANALYSIS_STATS at 16:15:22'
Begin JGLOBAL_ANALYSIS_STATS at 16:15:22
++ declare -x 'PS4=+ $(basename ${BASH_SOURCE[0]:-${FUNCNAME[0]:-"Unknown"}})[${LINENO}]'
++ jjob_standard_vars.sh[46]export USHglobal=/scratch4/NAGAPE/epic/Wei.Huang/src/global-workflow/ush
++ jjob_standard_vars.sh[46]USHglobal=/scratch4/NAGAPE/epic/Wei.Huang/src/global-workflow/ush
++ jjob_standard_vars.sh[47]export FIXglobal=/scratch4/NAGAPE/epic/Wei.Huang/src/global-workflow/fix
++ jjob_standard_vars.sh[47]FIXglobal=/scratch4/NAGAPE/epic/Wei.Huang/src/global-workflow/fix
++ jjob_standard_vars.sh[48]export PARMglobal=/scratch4/NAGAPE/epic/Wei.Huang/src/global-workflow/parm
++ jjob_standard_vars.sh[48]PARMglobal=/scratch4/NAGAPE/epic/Wei.Huang/src/global-workflow/parm
++ jjob_standard_vars.sh[49]export SCRIPTSglobal=/scratch4/NAGAPE/epic/Wei.Huang/src/global-workflow/scripts
++ jjob_standard_vars.sh[49]SCRIPTSglobal=/scratch4/NAGAPE/epic/Wei.Huang/src/global-workflow/scripts
++ jjob_standard_vars.sh[54]export pid=4009206
++ jjob_standard_vars.sh[54]pid=4009206
++ jjob_standard_vars.sh[55]export pgmout=OUTPUT.4009206
++ jjob_standard_vars.sh[55]pgmout=OUTPUT.4009206
++ jjob_standard_vars.sh[56]export pgmerr=errfile
++ jjob_standard_vars.sh[56]pgmerr=errfile
++ jjob_standard_vars.sh[57]export pgm=
++ jjob_standard_vars.sh[57]pgm=
++ jjob_standard_vars.sh[62]export envir=prod
++ jjob_standard_vars.sh[62]envir=prod
++ jjob_standard_vars.sh[63]export KEEPDATA=NO
++ jjob_standard_vars.sh[63]KEEPDATA=NO
++ jjob_standard_vars.sh[64]export SENDECF=NO
++ jjob_standard_vars.sh[64]SENDECF=NO
++ jjob_standard_vars.sh[65]export SENDDBN=NO
++ jjob_standard_vars.sh[65]SENDDBN=NO
++ jjob_standard_vars.sh[66]export SENDDBN_NTC=NO
++ jjob_standard_vars.sh[66]SENDDBN_NTC=NO
++ jjob_standard_vars.sh[67]export DBNROOT=/fakedbn
++ jjob_standard_vars.sh[67]DBNROOT=/fakedbn
++ jjob_standard_vars.sh[72]export DATA=/scratch5/purged/Wei.Huang/stmp/gdas/RUNDIRS/C96C48_ufs_hybatmDA/gdas.2024022406/anlstat.4008752
++ jjob_standard_vars.sh[72]DATA=/scratch5/purged/Wei.Huang/stmp/gdas/RUNDIRS/C96C48_ufs_hybatmDA/gdas.2024022406/anlstat.4008752
++ jjob_standard_vars.sh[78]export cycle=t06z
++ jjob_standard_vars.sh[78]cycle=t06z
+ JGLOBAL_ANALYSIS_STATS[12]source /scratch4/NAGAPE/epic/Wei.Huang/src/global-workflow/ush/jjob_shell_setup.sh
++ jjob_shell_setup.sh[27]export USHglobal=/scratch4/NAGAPE/epic/Wei.Huang/src/global-workflow/ush
++ jjob_shell_setup.sh[27]USHglobal=/scratch4/NAGAPE/epic/Wei.Huang/src/global-workflow/ush
++ jjob_shell_setup.sh[28]export start_time=1774973722
++ jjob_shell_setup.sh[28]start_time=1774973722
++ jjob_shell_setup.sh[29]_calling_script=JGLOBAL_ANALYSIS_STATS
++ jjob_shell_setup.sh[34]source /scratch4/NAGAPE/epic/Wei.Huang/src/global-workflow/ush/wait_for_file.sh
+++ wait_for_file.sh[48]declare -xf wait_for_file
++ jjob_shell_setup.sh[35]source /scratch4/NAGAPE/epic/Wei.Huang/src/global-workflow/ush/dataroot_com_path.sh
+++ dataroot_com_path.sh[48]declare -xf dataroot_com_path
++ jjob_shell_setup.sh[36]source /scratch4/NAGAPE/epic/Wei.Huang/src/global-workflow/ush/timer.sh
+++ timer.sh[28][[ -z '' ]]
+++ timer.sh[29]_GW_TIMER_STACK=()
+++ timer.sh[29]declare -xa _GW_TIMER_STACK
+++ timer.sh[30]_GW_LABEL_STACK=()
+++ timer.sh[30]declare -xa _GW_LABEL_STACK
+++ timer.sh[89]declare -xf tick
+++ timer.sh[90]declare -xf tock
++ jjob_shell_setup.sh[37]source /scratch4/NAGAPE/epic/Wei.Huang/src/global-workflow/ush/err_exit.sh
+++ err_exit.sh[81]declare -xf err_exit
++ jjob_shell_setup.sh[38]shopt -s nullglob
++ jjob_shell_setup.sh[43]export SHELLOPTS
++ jjob_shell_setup.sh[47]source /scratch4/NAGAPE/epic/Wei.Huang/src/global-workflow/ush/setup_data_dir.sh /scratch5/purged/Wei.Huang/stmp/gdas/RUNDIRS/C96C48_ufs_hybatmDA/gdas.2024022406/anlstat.4008752
+++ setup_data_dir.sh[15]dir_to_create_=/scratch5/purged/Wei.Huang/stmp/gdas/RUNDIRS/C96C48_ufs_hybatmDA/gdas.2024022406/anlstat.4008752
+++ setup_data_dir.sh[16][[ YES == \Y\E\S ]]
+++ setup_data_dir.sh[17]rm -rf /scratch5/purged/Wei.Huang/stmp/gdas/RUNDIRS/C96C48_ufs_hybatmDA/gdas.2024022406/anlstat.4008752
+++ setup_data_dir.sh[19]mkdir -p /scratch5/purged/Wei.Huang/stmp/gdas/RUNDIRS/C96C48_ufs_hybatmDA/gdas.2024022406/anlstat.4008752
+++ setup_data_dir.sh[20]cd /scratch5/purged/Wei.Huang/stmp/gdas/RUNDIRS/C96C48_ufs_hybatmDA/gdas.2024022406/anlstat.4008752
++ jjob_shell_setup.sh[50]set -x
++ jjob_shell_setup.sh[55]source /scratch4/NAGAPE/epic/Wei.Huang/src/global-workflow/ush/postamble.sh
+++ postamble.sh[53]declare -xf postamble
++ jjob_shell_setup.sh[57]trap 'postamble 1774973722' EXIT
++ jjob_shell_setup.sh[63]setpdy.sh
+ setpdy.sh[20]'[' /scratch5/purged/Wei.Huang/stmp/gdas/RUNDIRS/C96C48_ufs_hybatmDA/gdas.2024022406/anlstat.4008752 == /home/Wei.Huang ']'
+ setpdy.sh[25][[ ! t06z =~ t??z ]]
+ setpdy.sh[30]case $# in
+ setpdy.sh[31]dates_before_PDY=7
+ setpdy.sh[32]dates_after_PDY=7
+ setpdy.sh[50]COMDATEROOT=/scratch5/purged/Wei.Huang/run/gdas/COMROOT
+ setpdy.sh[53]'[' -z 20240224 ']'
+ setpdy.sh[57]sed 's/[0-9]\{8\}/20240224/' /scratch5/purged/Wei.Huang/run/gdas/COMROOT/date/t06z
sed: can't read /scratch5/purged/Wei.Huang/run/gdas/COMROOT/date/t06z: No such file or directory
++ setpdy.sh[62]finddate.sh 20240224 s-7
+ finddate.sh[19]set +x
+ setpdy.sh[62]DATElne_minus='20240223 20240222 20240221 20240220 20240219 20240218 20240217'
+ setpdy.sh[63]export err=0
+ setpdy.sh[63]err=0
+ setpdy.sh[63]err_chk
+ err_chk[13]'[' -z 0 ']'
+ err_chk[14]'[' 0 -eq 0 ']'
+ err_chk[14]echo ' completed cleanly'
 completed cleanly
+ err_chk[14]exit
++ setpdy.sh[65]finddate.sh 20240224 s+7
+ finddate.sh[19]set +x
+ setpdy.sh[65]DATElne_plus='20240225 20240226 20240227 20240228 20240229 20240301 20240302'
+ setpdy.sh[66]export err=0
+ setpdy.sh[66]err=0
+ setpdy.sh[66]err_chk
+ err_chk[13]'[' -z 0 ']'
+ err_chk[14]'[' 0 -eq 0 ']'
+ err_chk[14]echo ' completed cleanly'
 completed cleanly
+ err_chk[14]exit
+ setpdy.sh[69]'[' -f PDY ']'
++ setpdy.sh[70]seq 7 -1 1
+ setpdy.sh[70]for d in $(seq $dates_before_PDY -1 1)
+ setpdy.sh[72]echo 'export PDYm7=20240217'
+ setpdy.sh[70]for d in $(seq $dates_before_PDY -1 1)
+ setpdy.sh[72]echo 'export PDYm6=20240218'
+ setpdy.sh[70]for d in $(seq $dates_before_PDY -1 1)
+ setpdy.sh[72]echo 'export PDYm5=20240219'
+ setpdy.sh[70]for d in $(seq $dates_before_PDY -1 1)
+ setpdy.sh[72]echo 'export PDYm4=20240220'
+ setpdy.sh[70]for d in $(seq $dates_before_PDY -1 1)
+ setpdy.sh[72]echo 'export PDYm3=20240221'
+ setpdy.sh[70]for d in $(seq $dates_before_PDY -1 1)
+ setpdy.sh[72]echo 'export PDYm2=20240222'
+ setpdy.sh[70]for d in $(seq $dates_before_PDY -1 1)
+ setpdy.sh[72]echo 'export PDYm1=20240223'
+ setpdy.sh[74]echo 'export PDY=20240224'
++ setpdy.sh[75]seq 7
+ setpdy.sh[75]for d in $(seq $dates_after_PDY)
+ setpdy.sh[77]echo 'export PDYp1=20240225'
+ setpdy.sh[75]for d in $(seq $dates_after_PDY)
+ setpdy.sh[77]echo 'export PDYp2=20240226'
+ setpdy.sh[75]for d in $(seq $dates_after_PDY)
+ setpdy.sh[77]echo 'export PDYp3=20240227'
+ setpdy.sh[75]for d in $(seq $dates_after_PDY)
+ setpdy.sh[77]echo 'export PDYp4=20240228'
+ setpdy.sh[75]for d in $(seq $dates_after_PDY)
+ setpdy.sh[77]echo 'export PDYp5=20240229'
+ setpdy.sh[75]for d in $(seq $dates_after_PDY)
+ setpdy.sh[77]echo 'export PDYp6=20240301'
+ setpdy.sh[75]for d in $(seq $dates_after_PDY)
+ setpdy.sh[77]echo 'export PDYp7=20240302'
+ setpdy.sh[80]chmod u+x PDY
+ setpdy.sh[82]echo 'Source PDY script to export PDYm7, ..., PDY, ..., PDYp7 variables.'
Source PDY script to export PDYm7, ..., PDY, ..., PDYp7 variables.
++ jjob_shell_setup.sh[64]source ./PDY
+++ PDY[1]export PDYm7=20240217
+++ PDY[1]PDYm7=20240217
+++ PDY[2]export PDYm6=20240218
+++ PDY[2]PDYm6=20240218
+++ PDY[3]export PDYm5=20240219
+++ PDY[3]PDYm5=20240219
+++ PDY[4]export PDYm4=20240220
+++ PDY[4]PDYm4=20240220
+++ PDY[5]export PDYm3=20240221
+++ PDY[5]PDYm3=20240221
+++ PDY[6]export PDYm2=20240222
+++ PDY[6]PDYm2=20240222
+++ PDY[7]export PDYm1=20240223
+++ PDY[7]PDYm1=20240223
+++ PDY[8]export PDY=20240224
+++ PDY[8]PDY=20240224
+++ PDY[9]export PDYp1=20240225
+++ PDY[9]PDYp1=20240225
+++ PDY[10]export PDYp2=20240226
+++ PDY[10]PDYp2=20240226
+++ PDY[11]export PDYp3=20240227
+++ PDY[11]PDYp3=20240227
+++ PDY[12]export PDYp4=20240228
+++ PDY[12]PDYp4=20240228
+++ PDY[13]export PDYp5=20240229
+++ PDY[13]PDYp5=20240229
+++ PDY[14]export PDYp6=20240301
+++ PDY[14]PDYp6=20240301
+++ PDY[15]export PDYp7=20240302
+++ PDY[15]PDYp7=20240302
+ JGLOBAL_ANALYSIS_STATS[15]source /scratch4/NAGAPE/epic/Wei.Huang/src/global-workflow/ush/set_strict.sh
++ set_strict.sh[7][[ YES == \Y\E\S ]]
++ set_strict.sh[9]set -eu
++ set_strict.sh[11]set -o pipefail
+ JGLOBAL_ANALYSIS_STATS[21]PYTHONPATH=/scratch4/NAGAPE/epic/Wei.Huang/src/global-workflow/ush/python:/scratch4/NAGAPE/epic/Wei.Huang/src/global-workflow/sorc/wxflow/src:/scratch4/NAGAPE/epic/Wei.Huang/src/global-workflow/sorc/gdas.cd/build/lib/python3.11/:/scratch4/NAGAPE/epic/Wei.Huang/src/global-workflow/sorc/gdas.cd/build/lib/python3.11/site-packages/:/contrib/spack-stack/spack-stack-1.9.2/envs/ue-oneapi-2024.2.1/install/oneapi/2024.2.1/py-wheel-0.41.2-lejyvev/lib/python3.11/site-packages:/contrib/spack-stack/spack-stack-1.9.2/envs/ue-oneapi-2024.2.1/install/oneapi/2024.2.1/py-click-8.1.7-e55vra6/lib/python3.11/site-packages:/contrib/spack-stack/spack-stack-1.9.2/envs/ue-oneapi-2024.2.1/install/oneapi/2024.2.1/py-pip-23.1.2-sjeblpd/lib/python3.11/site-packages:/contrib/spack-stack/spack-stack-1.9.2/envs/ue-oneapi-2024.2.1/install/oneapi/2024.2.1/py-f90nml-1.4.3-7rmrgv7/lib/python3.11/site-packages:/contrib/spack-stack/spack-stack-1.9.2/envs/ue-oneapi-2024.2.1/install/oneapi/2024.2.1/py-xarray-2024.7.0-tg53kls/lib/python3.11/site-packages:/contrib/spack-stack/spack-stack-1.9.2/envs/ue-oneapi-2024.2.1/install/oneapi/2024.2.1/py-pandas-2.2.3-uar3v7v/lib/python3.11/site-packages:/contrib/spack-stack/spack-stack-1.9.2/envs/ue-oneapi-2024.2.1/install/oneapi/2024.2.1/py-tzdata-2023.3-wsjtkwg/lib/python3.11/site-packages:/contrib/spack-stack/spack-stack-1.9.2/envs/ue-oneapi-2024.2.1/install/oneapi/2024.2.1/py-pytz-2023.3-cfh3tbl/lib/python3.11/site-packages:/contrib/spack-stack/spack-stack-1.9.2/envs/ue-oneapi-2024.2.1/install/oneapi/2024.2.1/py-python-dateutil-2.8.2-qlkqzyg/lib/python3.11/site-packages:/contrib/spack-stack/spack-stack-1.9.2/envs/ue-oneapi-2024.2.1/install/oneapi/2024.2.1/py-six-1.16.0-jkszz2g/lib/python3.11/site-packages:/contrib/spack-stack/spack-stack-1.9.2/envs/ue-oneapi-2024.2.1/install/oneapi/2024.2.1/py-packaging-24.1-njbyh5r/lib/python3.11/site-packages:/contrib/spack-stack/spack-stack-1.9.2/envs/ue-oneapi-2024.2.1/install/oneapi/2024.2.1/py-scipy-1.14.1-gespwy4/lib/python3.11/site-packages:/contrib/spack-stack/spack-stack-1.9.2/envs/ue-oneapi-2024.2.1/install/oneapi/2024.2.1/py-pyyaml-6.0.2-55i3htn/lib/python3.11/site-packages:/contrib/spack-stack/spack-stack-1.9.2/envs/ue-oneapi-2024.2.1/install/oneapi/2024.2.1/py-pycodestyle-2.11.0-54guklq/lib/python3.11/site-packages:/contrib/spack-stack/spack-stack-1.9.2/envs/ue-oneapi-2024.2.1/install/oneapi/2024.2.1/py-setuptools-69.2.0-cge4bsx/lib/python3.11/site-packages:/contrib/spack-stack/spack-stack-1.9.2/envs/ue-oneapi-2024.2.1/install/oneapi/2024.2.1/py-pybind11-2.13.5-jlasn3w/lib/python3.11/site-packages:/contrib/spack-stack/spack-stack-1.9.2/envs/ue-oneapi-2024.2.1/install/oneapi/2024.2.1/py-netcdf4-1.7.1.post2-chvc6ro/lib/python3.11/site-packages:/contrib/spack-stack/spack-stack-1.9.2/envs/ue-oneapi-2024.2.1/install/oneapi/2024.2.1/py-cftime-1.0.3.4-ljy6l3p/lib/python3.11/site-packages:/contrib/spack-stack/spack-stack-1.9.2/envs/ue-oneapi-2024.2.1/install/oneapi/2024.2.1/py-certifi-2023.7.22-5zcopi6/lib/python3.11/site-packages:/contrib/spack-stack/spack-stack-1.9.2/envs/ue-oneapi-2024.2.1/install/oneapi/2024.2.1/py-jinja2-3.1.4-jhz55wn/lib/python3.11/site-packages:/contrib/spack-stack/spack-stack-1.9.2/envs/ue-oneapi-2024.2.1/install/oneapi/2024.2.1/py-markupsafe-2.1.3-cct5rgj/lib/python3.11/site-packages:/contrib/spack-stack/spack-stack-1.9.2/envs/ue-oneapi-2024.2.1/install/oneapi/2024.2.1/esmf-8.8.0-hdxt3lx/lib/python3.11/site-packages:/contrib/spack-stack/spack-stack-1.9.2/envs/ue-oneapi-2024.2.1/install/oneapi/2024.2.1/py-mpi4py-4.0.1-plc5ydd/lib/python3.11/site-packages:/contrib/spack-stack/spack-stack-1.9.2/envs/ue-oneapi-2024.2.1/install/oneapi/2024.2.1/bufr-12.1.0-dxfkpsz/lib64/python3.11/site-packages:/contrib/spack-stack/spack-stack-1.9.2/envs/ue-oneapi-2024.2.1/install/oneapi/2024.2.1/py-numpy-1.26.4-mqxp6yv/lib/python3.11/site-packages:/contrib/spack-stack/spack-stack-1.9.2/envs/ue-oneapi-2024.2.1/install/oneapi/2024.2.1/python-venv-1.0-qgjgfzk/lib/python3.11/site-packages:/scratch4/NAGAPE/epic/Wei.Huang/src/global-workflow/ush/python
+ JGLOBAL_ANALYSIS_STATS[22]export PYTHONPATH
+ JGLOBAL_ANALYSIS_STATS[30]declare -rx COMIN_OBS=/scratch5/purged/Wei.Huang/run/gdas/COMROOT/C96C48_ufs_hybatmDA/gdas.20240224/06/obs
+ JGLOBAL_ANALYSIS_STATS[31]declare -rx COMOUT_CONF=/scratch5/purged/Wei.Huang/run/gdas/COMROOT/C96C48_ufs_hybatmDA/gdas.20240224/06/conf
+ JGLOBAL_ANALYSIS_STATS[32]declare -rx COMIN_ATMOS_ANALYSIS=/scratch5/purged/Wei.Huang/run/gdas/COMROOT/C96C48_ufs_hybatmDA/gdas.20240224/06/analysis/atmos
+ JGLOBAL_ANALYSIS_STATS[33]declare -rx COMOUT_ATMOS_ANALYSIS=/scratch5/purged/Wei.Huang/run/gdas/COMROOT/C96C48_ufs_hybatmDA/gdas.20240224/06/analysis/atmos
+ JGLOBAL_ANALYSIS_STATS[34]declare -rx COMOUT_ATMOS_ANLMON=/scratch5/purged/Wei.Huang/run/gdas/COMROOT/C96C48_ufs_hybatmDA/gdas.20240224/06/products/atmos/anlmon
+ JGLOBAL_ANALYSIS_STATS[35]mkdir -m 755 -p /scratch5/purged/Wei.Huang/run/gdas/COMROOT/C96C48_ufs_hybatmDA/gdas.20240224/06/analysis/atmos
+ JGLOBAL_ANALYSIS_STATS[36]mkdir -m 755 -p /scratch5/purged/Wei.Huang/run/gdas/COMROOT/C96C48_ufs_hybatmDA/gdas.20240224/06/products/atmos/anlmon
+ JGLOBAL_ANALYSIS_STATS[37]mkdir -m 755 -p /scratch5/purged/Wei.Huang/run/gdas/COMROOT/C96C48_ufs_hybatmDA/gdas.20240224/06/conf
+ JGLOBAL_ANALYSIS_STATS[39][[ NO == \Y\E\S ]]
+ JGLOBAL_ANALYSIS_STATS[47][[ NO == \Y\E\S ]]
+ JGLOBAL_ANALYSIS_STATS[58]EXSCRIPT=/scratch4/NAGAPE/epic/Wei.Huang/src/global-workflow/scripts/exglobal_analysis_stats.py
+ JGLOBAL_ANALYSIS_STATS[59]/scratch4/NAGAPE/epic/Wei.Huang/src/global-workflow/scripts/exglobal_analysis_stats.py
Traceback (most recent call last):
  File "/scratch4/NAGAPE/epic/Wei.Huang/src/global-workflow/scripts/exglobal_analysis_stats.py", line 12, in <module>
    from pygfs.task.analysis_stats import AnalysisStats
  File "/scratch4/NAGAPE/epic/Wei.Huang/src/global-workflow/ush/python/pygfs/task/analysis_stats.py", line 5, in <module>
    import gsincdiag_to_ioda.proc_gsi_ncdiag as gsid
  File "/scratch4/NAGAPE/epic/Wei.Huang/src/global-workflow/ush/python/gsincdiag_to_ioda/proc_gsi_ncdiag.py", line 12, in <module>
    import gsincdiag_to_ioda.gsi_ncdiag as gsid
  File "/scratch4/NAGAPE/epic/Wei.Huang/src/global-workflow/ush/python/gsincdiag_to_ioda/gsi_ncdiag.py", line 17, in <module>
    import pyiodaconv.ioda_conv_engines as iconv
  File "/scratch4/NAGAPE/epic/Wei.Huang/src/global-workflow/ush/python/pyiodaconv/ioda_conv_engines.py", line 3, in <module>
    from pyioda import ioda_obs_space as ioda_os
ModuleNotFoundError: No module named 'pyioda'
+ JGLOBAL_ANALYSIS_STATS[60]export err=1
+ JGLOBAL_ANALYSIS_STATS[60]err=1
+ JGLOBAL_ANALYSIS_STATS[61][[ 1 -ne 0 ]]
+ JGLOBAL_ANALYSIS_STATS[62]err_exit
+ err_exit.sh[19]set +eux

    -------------------------------------------------------------
    -- FATAL ERROR: Job anlstat.4008752 failed RETURN CODE 1
    -- ABNORMAL EXIT at Tue Mar 31 16:15:27 UTC 2026 on u01c02
    -------------------------------------------------------------
    

Currently Loaded Modules:
  1) lmod                             51) qhull/2020.2
  2) intel-oneapi-compilers/2024.2.1  52) atlas/0.40.0
  3) stack-oneapi/2024.2.1            53) sp/2.5.0
  4) intel-oneapi-mpi/2021.13.1       54) gsl-lite/0.37.0
  5) stack-intel-oneapi-mpi/2021.13   55) libjpeg/2.1.0
  6) intel-oneapi-mkl/2024.2.1        56) krb5/1.21.1-1
  7) glibc/2.34                       57) libtirpc/1.3.3
  8) intel-oneapi-runtime/2024.2.1    58) hdf/4.2.15
  9) sqlite/3.46.0                    59) jedi-cmake/1.4.0
 10) util-linux-uuid/2.40.2           60) libpng/1.6.37
 11) python/3.11.7                    61) libxt/1.3.0
 12) stack-python/3.11.7              62) libxmu/1.2.1
 13) pigz/2.8                         63) libxpm/3.5.17
 14) zstd/1.5.6                       64) libxaw/1.0.16
 15) tar/1.34                         65) udunits/2.2.28
 16) gettext/0.22.5                   66) ncview/2.1.9
 17) nghttp2/1.63.0                   67) netcdf-cxx4/4.3.1
 18) curl/8.10.1                      68) json/3.11.3
 19) zlib/1.2.13                      69) rocoto/1.3.7
 20) git/2.43.5                       70) bacio/2.4.1
 21) hdf5/1.14.3                      71) w3emc/2.10.0
 22) parallel-netcdf/1.12.3           72) prod_util/2.1.1
 23) snappy/1.2.1                     73) jasper/2.0.32
 24) c-blosc/1.21.5                   74) g2/3.5.1
 25) netcdf-c/4.9.2                   75) ip/5.1.0
 26) nccmp/1.9.1.0                    76) grib-util/1.4.0
 27) netcdf-fortran/4.6.1             77) py-markupsafe/2.1.3
 28) antlr/2.7.7                      78) py-jinja2/3.1.4
 29) gsl/2.8                          79) py-certifi/2023.7.22
 30) nco/5.2.4                        80) py-cftime/1.0.3.4
 31) parallelio/2.6.2                 81) py-netcdf4/1.7.1.post2
 32) wget/1.21.1                      82) py-pybind11/2.13.5
 33) boost/1.84.0                     83) py-setuptools/69.2.0
 34) python-venv/1.0                  84) py-pycodestyle/2.11.0
 35) py-numpy/1.26.4                  85) libyaml/0.2.5
 36) bufr/12.1.0                      86) py-pyyaml/6.0.2
 37) git-lfs/3.5.1                    87) py-scipy/1.14.1
 38) cmake/3.27.9                     88) py-packaging/24.1
 39) ecbuild/3.7.2                    89) py-six/1.16.0
 40) openjpeg/2.3.1                   90) py-python-dateutil/2.8.2
 41) eccodes/2.33.0                   91) py-pytz/2023.3
 42) eigen/3.4.0                      92) py-tzdata/2023.3
 43) openblas/0.3.27                  93) py-pandas/2.2.3
 44) eckit/1.28.3                     94) py-xarray/2024.7.0
 45) fckit/0.13.2                     95) py-f90nml/1.4.3
 46) fiat/1.4.1                       96) py-pip/23.1.2
 47) fms/2024.02                      97) py-click/8.1.7
 48) py-mpi4py/4.0.1                  98) py-wheel/0.41.2
 49) esmf/8.8.0                       99) GDAS/ursa.intel
 50) ectrans/1.5.0

 


Job anlstat.4008752 failed RETURN CODE 1
/scratch5/purged/Wei.Huang/stmp/gdas/RUNDIRS/C96C48_ufs_hybatmDA/gdas.2024022406/anlstat.4008752
total 1
-rw-r--r-- 1 Wei.Huang rstprod   0 Mar 31 16:15 ncepdate
-rwxr--r-- 1 Wei.Huang rstprod 328 Mar 31 16:15 PDY
cat: OUTPUT.4009206: No such file or directory
[2026-03-31T16:15:28.006] error: *** JOB 10685401 ON u01c02 CANCELLED AT 2026-03-31T16:15:28 DUE to SIGNAL Terminated ***
