=================================================================================================================
Report                           Project Report for:nems         
Report Run:                      Wed 10 Aug 2022 01:43:23 PM  UTC
Report Period Beginning:         Mon 01 Aug 2022 12:00:00 AM  UTC
Report Period Ending:            Thu 01 Sep 2022 12:00:00 AM  UTC
Percentage of Period Elapsed:    30.9%                           
Percentage of Period Remaining:  69.1%
=================================================================================================================
Machines:                                    hera
Initial Allocation in Hours:              462,128
Net Allocation Adjustments:                     0
                                 ----------------
Adjusted Allocation:                      462,128
                                                 
Core Hours Used:                          106,831
Windfall Core Hours Used:                       0
                                 ----------------
Total Core Hours Used:                    106,831
                                                 
Project Normalized Shares:               0.009566
Project Fair Share:                      0.486712
Project Rank:                               62/90
                                                 
Percentage of Period Elapsed:               30.9%
Percentage of Period Remaining:             69.1%
Percentage of Allocation Used:              23.1%

User                             Cr-HrUsed    Windfall   TotalUsed       %Used      Jobs
------------------------------ ----------- ----------- ----------- ----------- ---------
Anthony.Craig                        1,594           0       1,594       0.34%       722
Bin.Li                                 615           0         615       0.13%         9
Denise.Worthen                       3,278           0       3,278       0.71%        53
Dusan.Jovic                          6,762           0       6,762       1.46%       196
George.Vandenberghe                    362           0         362       0.08%         1
Jessica.Meixner                        672           0         672       0.15%        31
Jong.Kim                             6,186           0       6,186       1.34%       240
Jun.Wang                            16,231           0      16,231       3.51%       521
Mark.Potts                              50           0          50       0.01%        57
Rocky.Dunlap                        14,319           0      14,319       3.10%       482
emc.nemspara                        56,603           0      56,603      12.25%       963
role.ufsutils                          158           0         158       0.03%       140
------------------------------ ----------- ----------- ----------- ----------- ---------
Total                              106,830           0     106,830      23.12%     3,415

Total Report Runtime: 2.70 seconds (ver. 21.10.04)
